<?xml version="1.0" encoding="UTF-8"?>
<!-- Generated by org.testng.reporters.JUnitReportReporter -->
<testsuite hostname="LAPTOP-NUT15641" failures="0" tests="1" name="ecommercesite.Myntra" time="13.113" errors="0" timestamp="2023-08-05T20:23:30 IST" skipped="0">
  <testcase classname="ecommercesite.Myntra" name="secondTest" time="13.113"/>
  <system-out/>
</testsuite> <!-- ecommercesite.Myntra -->
