<?xml version="1.0" encoding="UTF-8"?>
<!-- Generated by org.testng.reporters.JUnitReportReporter -->
<testsuite hostname="LAPTOP-NUT15641" failures="0" tests="1" name="ecommercesite.firsttestest" time="32.247" errors="0" timestamp="2023-08-05T20:19:14 IST" skipped="0">
  <testcase classname="ecommercesite.firsttestest" name="f" time="32.247"/>
  <system-out/>
</testsuite> <!-- ecommercesite.firsttestest -->
