<?xml version="1.0" encoding="UTF-8"?>
<!-- Generated by org.testng.reporters.JUnitReportReporter -->
<testsuite hostname="LAPTOP-NUT15641" failures="0" tests="1" name="ecommercesite.Ebay" time="13.417" errors="0" timestamp="2023-08-05T20:31:55 IST" skipped="0">
  <testcase classname="ecommercesite.Ebay" name="ebay" time="13.417"/>
  <system-out/>
</testsuite> <!-- ecommercesite.Ebay -->
