<?xml version="1.0" encoding="UTF-8"?>
<!-- Generated by org.testng.reporters.JUnitReportReporter -->
<testsuite hostname="LAPTOP-NUT15641" failures="0" tests="1" name="ecommercesite.Flipkart" time="12.246" errors="0" timestamp="2023-08-05T20:27:22 IST" skipped="0">
  <testcase classname="ecommercesite.Flipkart" name="flipkart" time="12.246"/>
  <system-out/>
</testsuite> <!-- ecommercesite.Flipkart -->
