<?xml version="1.0" encoding="UTF-8"?>
<!-- Generated by org.testng.reporters.JUnitReportReporter -->
<testsuite hostname="LAPTOP-NUT15641" failures="0" tests="1" name="ecommercesite.Ajio" time="33.193" errors="0" timestamp="2023-08-05T20:36:31 IST" skipped="0">
  <testcase classname="ecommercesite.Ajio" name="ajio" time="33.193"/>
  <system-out/>
</testsuite> <!-- ecommercesite.Ajio -->
